0 info it worked if it ends with ok
1 verbose cli [ 'c:\\Program Files\\nodejs\\node.exe',
1 verbose cli   'c:\\Program Files\\nodejs\\node_modules\\npm\\bin\\npm-cli.js',
1 verbose cli   'run',
1 verbose cli   'protractor' ]
2 info using npm@2.5.1
3 info using node@v0.12.0
4 verbose run-script [ 'preprotractor', 'protractor', 'postprotractor' ]
5 info preprotractor web-math-editor@0.0.0
6 verbose unsafe-perm in lifecycle true
7 info protractor web-math-editor@0.0.0
8 verbose unsafe-perm in lifecycle true
9 info web-math-editor@0.0.0 Failed to exec protractor script
10 verbose stack Error: web-math-editor@0.0.0 protractor: `protractor test/protractor.conf.js`
10 verbose stack Exit status 1
10 verbose stack     at EventEmitter.<anonymous> (c:\Program Files\nodejs\node_modules\npm\lib\utils\lifecycle.js:213:16)
10 verbose stack     at EventEmitter.emit (events.js:110:17)
10 verbose stack     at ChildProcess.<anonymous> (c:\Program Files\nodejs\node_modules\npm\lib\utils\spawn.js:14:12)
10 verbose stack     at ChildProcess.emit (events.js:110:17)
10 verbose stack     at maybeClose (child_process.js:1008:16)
10 verbose stack     at Process.ChildProcess._handle.onexit (child_process.js:1080:5)
11 verbose pkgid web-math-editor@0.0.0
12 verbose cwd c:\Users\Lukasz\workspace\JavaScript\web_math_editor
13 error Windows_NT 6.3.9600
14 error argv "c:\\Program Files\\nodejs\\node.exe" "c:\\Program Files\\nodejs\\node_modules\\npm\\bin\\npm-cli.js" "run" "protractor"
15 error node v0.12.0
16 error npm  v2.5.1
17 error code ELIFECYCLE
18 error web-math-editor@0.0.0 protractor: `protractor test/protractor.conf.js`
18 error Exit status 1
19 error Failed at the web-math-editor@0.0.0 protractor script 'protractor test/protractor.conf.js'.
19 error This is most likely a problem with the web-math-editor package,
19 error not with npm itself.
19 error Tell the author that this fails on your system:
19 error     protractor test/protractor.conf.js
19 error You can get their info via:
19 error     npm owner ls web-math-editor
19 error There is likely additional logging output above.
20 verbose exit [ 1, true ]
